0	1	mikroCPIC1618.exe -MSF -DBG -pP16LF1788 -DL -O11111114 -fo8 -N"C:\Users\Mohammad.Haidar\Desktop\PhD research\Circuits and Simulations\Circuit.4\Code\Circuit 3.mcppi" -SP"C:\Users\Public\Documents\Mikroelektronika\mikroC PRO for PIC\Defs\" -SP"C:\Users\Public\Documents\Mikroelektronika\mikroC PRO for PIC\Uses\P16_Enh\" -SP"C:\Users\Mohammad.Haidar\Desktop\PhD research\Circuits and Simulations\Circuit.4\Code\" -SP"C:\Users\Mohammad.Haidar\Desktop\PhD research\Circuits and Simulations\Circuit ver.3\code\" "Circuit 4.c" "__Lib_Math.mcl" "__Lib_MathDouble.mcl" "__Lib_System.mcl" "__Lib_Delays.mcl" "__Lib_CType.mcl" "__Lib_CString.mcl" "__Lib_CStdlib.mcl" "__Lib_CMath.mcl" "__Lib_MemManager.mcl" "__Lib_Conversions.mcl" "__Lib_Sprinti.mcl" "__Lib_Sprintl.mcl" "__Lib_Time.mcl" "__Lib_Trigonometry.mcl" "__Lib_Button.mcl" "__Lib_Keypad4x4.mcl" "__Lib_Manchester.mcl" "__Lib_OneWire.mcl" "__Lib_PS2.mcl" "__Lib_Sound.mcl" "__Lib_SoftI2C.mcl" "__Lib_SoftSPI.mcl" "__Lib_SoftUART.mcl" "__Lib_ADC.mcl" "__Lib_EEPROM.mcl" "__Lib_FLASH_rwe.mcl" "__Lib_I2C_c34_1.mcl" "__Lib_PWM_c21.mcl" "__Lib_SPI_c345.mcl" "__Lib_UART_c67.mcl" "__Lib_PortExpander.mcl" "__Lib_CANSPI.mcl" "__Lib_CF.mcl" "__Lib_GlcdFonts.mcl" "__Lib_Glcd.mcl" "__Lib_LcdConsts.mcl" "__Lib_Lcd.mcl" "__Lib_RS485.mcl" "__Lib_S1D13700.mcl" "__Lib_T6963C.mcl" "__Lib_SPIGlcd.mcl" "__Lib_SPILcd.mcl" "__Lib_SPILcd8.mcl" "__Lib_SPIT6963C.mcl" "__Lib_EthEnc28j60.mcl" "__Lib_EthEnc24j600.mcl" "__Lib_TouchPanel.mcl"	 
hint: 0	1139	Available RAM: 2140 [bytes], Available ROM: 16384 [bytes]	 
diagnostics: 0	122	Compilation Started	Circuit 4.c
warning: 111	1509	Generated baud rate is 9615 bps (error = 0.16 percent)	Circuit 4.c
hint: 14	1163	Variable 'text' has been declared, but not used	Circuit 4.c
hint: 144	1163	Variable 'text' has been declared, but not used	Circuit 4.c
hint: 153	1163	Variable 'text' has been declared, but not used	Circuit 4.c
hint: 215	1163	Variable 'slope' has been declared, but not used	Circuit 4.c
hint: 215	1163	Variable 'K' has been declared, but not used	Circuit 4.c
hint: 217	1163	Variable 'text' has been declared, but not used	Circuit 4.c
diagnostics: 318	123	Compiled Successfully	Circuit 4.c
hint: 143	1164	Variable 'ms' has been eliminated by optimizer	Circuit 4.c
hint: 143	1164	Variable 'ls' has been eliminated by optimizer	Circuit 4.c
hint: 151	1164	Variable 'VLT' has been eliminated by optimizer	Circuit 4.c
hint: 152	1164	Variable 'V' has been eliminated by optimizer	Circuit 4.c
hint: 181	1164	Variable 'read_time' has been eliminated by optimizer	Circuit 4.c
hint: 181	1164	Variable 'f_min' has been eliminated by optimizer	Circuit 4.c
hint: 181	1164	Variable 't_max' has been eliminated by optimizer	Circuit 4.c
hint: 215	1164	Variable 'V' has been eliminated by optimizer	Circuit 4.c
diagnostics: 0	127	All files Compiled in 172 ms	 
hint: 0	1144	Used RAM (bytes): 104 (5%)  Free RAM (bytes): 2036 (95%)	Used RAM (bytes): 104 (5%)  Free RAM (bytes): 2036 (95%)
hint: 0	1144	Used ROM (program words): 3418 (21%)  Free ROM (program words): 12966 (79%)	Used ROM (program words): 3418 (21%)  Free ROM (program words): 12966 (79%)
diagnostics: 0	125	Project Linked Successfully	Circuit 3.mcppi
diagnostics: 0	128	Linked in 281 ms	 
diagnostics: 0	129	Project 'Circuit 3.mcppi' completed: 578 ms	 
diagnostics: 0	103	Finished successfully: 20 Feb 2020, 14:20:33	Circuit 3.mcppi
